num users: 1000
Creating summariser <summary>
Created the tree successfully using bank-test.jmx
Starting the test @ Fri Sep 21 12:51:54 UTC 2018 (1537534314449)
Waiting for possible Shutdown/StopTestNow/Heapdump message on port 4445
summary +    260 in 00:00:05 =   49.4/s Avg:    22 Min:     4 Max:   148 Err:     0 (0.00%) Active: 1 Started: 87 Finished: 86
summary +   1483 in 00:00:30 =   49.3/s Avg:    20 Min:     4 Max:    89 Err:     0 (0.00%) Active: 2 Started: 582 Finished: 580
summary =   1743 in 00:00:35 =   49.3/s Avg:    20 Min:     4 Max:   148 Err:     0 (0.00%)
summary +   1257 in 00:00:25 =   49.7/s Avg:    19 Min:     4 Max:    67 Err:     0 (0.00%) Active: 0 Started: 1000 Finished: 1000
summary =   3000 in 00:01:01 =   49.5/s Avg:    20 Min:     4 Max:   148 Err:     0 (0.00%)
Tidying up ...    @ Fri Sep 21 12:52:55 UTC 2018 (1537534375362)
... end of run
num users: 2000
Creating summariser <summary>
Created the tree successfully using bank-test.jmx
Starting the test @ Fri Sep 21 12:52:56 UTC 2018 (1537534376927)
Waiting for possible Shutdown/StopTestNow/Heapdump message on port 4445
summary +    235 in 00:00:03 =   83.8/s Avg:   191 Min:     7 Max:   995 Err:     0 (0.00%) Active: 29 Started: 91 Finished: 62
summary +   2689 in 00:00:30 =   89.5/s Avg:  1046 Min:    35 Max:  3119 Err:     0 (0.00%) Active: 160 Started: 1071 Finished: 911
summary =   2924 in 00:00:33 =   89.0/s Avg:   978 Min:     7 Max:  3119 Err:     0 (0.00%)
summary +   2704 in 00:00:30 =   90.2/s Avg:  2244 Min:   756 Max: 10306 Err:     0 (0.00%) Active: 216 Started: 2000 Finished: 1784
summary =   5628 in 00:01:03 =   89.6/s Avg:  1586 Min:     7 Max: 10306 Err:     0 (0.00%)
summary +    372 in 00:00:05 =   78.3/s Avg:  2979 Min:     8 Max: 17390 Err:    64 (17.20%) Active: 0 Started: 2000 Finished: 2000
summary =   6000 in 00:01:08 =   88.8/s Avg:  1673 Min:     7 Max: 17390 Err:    64 (1.07%)
Tidying up ...    @ Fri Sep 21 12:54:04 UTC 2018 (1537534444764)
... end of run
num users: 3000
Creating summariser <summary>
Created the tree successfully using bank-test.jmx
Starting the test @ Fri Sep 21 12:54:06 UTC 2018 (1537534446327)
Waiting for possible Shutdown/StopTestNow/Heapdump message on port 4445
summary +   2238 in 00:00:23 =   95.6/s Avg:  2001 Min:     7 Max: 12011 Err:     0 (0.00%) Active: 521 Started: 1137 Finished: 616
summary +   2927 in 00:00:30 =   97.6/s Avg:  4571 Min:   810 Max: 36077 Err:     0 (0.00%) Active: 1163 Started: 2619 Finished: 1456
summary =   5165 in 00:00:53 =   96.7/s Avg:  3457 Min:     7 Max: 36077 Err:     0 (0.00%)
summary +   2617 in 00:00:30 =   87.2/s Avg: 10105 Min:   724 Max: 69459 Err:   219 (8.37%) Active: 599 Started: 3000 Finished: 2401
summary =   7782 in 00:01:23 =   93.3/s Avg:  5693 Min:     7 Max: 69459 Err:   219 (2.81%)
summary +   1197 in 00:00:30 =   39.9/s Avg: 19884 Min:     5 Max: 79295 Err:    92 (7.69%) Active: 10 Started: 3000 Finished: 2990
summary =   8979 in 00:01:53 =   79.2/s Avg:  7585 Min:     5 Max: 79295 Err:   311 (3.46%)
summary +     19 in 00:00:30 =    0.6/s Avg: 50495 Min:     5 Max: 131240 Err:     7 (36.84%) Active: 3 Started: 3000 Finished: 2997
summary =   8998 in 00:02:23 =   62.7/s Avg:  7675 Min:     5 Max: 131240 Err:   318 (3.53%)
summary +      2 in 00:00:00 =  200.0/s Avg:    96 Min:    92 Max:   101 Err:     0 (0.00%) Active: 0 Started: 3000 Finished: 3000
summary =   9000 in 00:02:23 =   62.7/s Avg:  7674 Min:     5 Max: 131240 Err:   318 (3.53%)
Tidying up ...    @ Fri Sep 21 12:56:30 UTC 2018 (1537534590042)
... end of run
num users: 4000
Creating summariser <summary>
Created the tree successfully using bank-test.jmx
Starting the test @ Fri Sep 21 12:56:31 UTC 2018 (1537534591631)
Waiting for possible Shutdown/StopTestNow/Heapdump message on port 4445
summary +      1 in 00:00:00 =    3.9/s Avg:    59 Min:    59 Max:    59 Err:     0 (0.00%) Active: 15 Started: 15 Finished: 0
summary +   2846 in 00:00:28 =  102.1/s Avg:  2853 Min:     7 Max: 20228 Err:     0 (0.00%) Active: 1105 Started: 1820 Finished: 715
summary =   2847 in 00:00:28 =  101.2/s Avg:  2852 Min:     7 Max: 20228 Err:     0 (0.00%)
summary +   3023 in 00:00:30 =  100.9/s Avg:  7059 Min:   696 Max: 39952 Err:     0 (0.00%) Active: 2272 Started: 3784 Finished: 1512
summary =   5870 in 00:00:58 =  101.0/s Avg:  5018 Min:     7 Max: 39952 Err:     0 (0.00%)
summary +   2630 in 00:00:30 =   87.7/s Avg: 14162 Min:   739 Max: 73559 Err:   138 (5.25%) Active: 1610 Started: 4000 Finished: 2390
summary =   8500 in 00:01:28 =   96.5/s Avg:  7847 Min:     7 Max: 73559 Err:   138 (1.62%)
summary +   2328 in 00:00:30 =   77.6/s Avg: 24488 Min:   502 Max: 96768 Err:   375 (16.11%) Active: 552 Started: 4000 Finished: 3448
summary =  10828 in 00:01:58 =   91.7/s Avg: 11425 Min:     7 Max: 96768 Err:   513 (4.74%)
summary +    802 in 00:00:30 =   26.4/s Avg: 32732 Min:     5 Max: 135267 Err:   123 (15.34%) Active: 154 Started: 4000 Finished: 3846
summary =  11630 in 00:02:28 =   78.4/s Avg: 12894 Min:     5 Max: 135267 Err:   636 (5.47%)
summary +    370 in 00:02:24 =    2.6/s Avg: 55214 Min:     6 Max: 143254 Err:   159 (42.97%) Active: 0 Started: 4000 Finished: 4000
summary =  12000 in 00:04:53 =   41.0/s Avg: 14199 Min:     5 Max: 143254 Err:   795 (6.62%)
Tidying up ...    @ Fri Sep 21 13:01:24 UTC 2018 (1537534884462)
... end of run
num users: 5000
Creating summariser <summary>
Created the tree successfully using bank-test.jmx
Starting the test @ Fri Sep 21 13:01:26 UTC 2018 (1537534886010)
Waiting for possible Shutdown/StopTestNow/Heapdump message on port 4445
summary +    383 in 00:00:04 =  102.6/s Avg:   742 Min:     7 Max:  2097 Err:     0 (0.00%) Active: 214 Started: 288 Finished: 74
summary +   3138 in 00:00:30 =  104.6/s Avg:  3988 Min:   626 Max: 23886 Err:     0 (0.00%) Active: 1877 Started: 2713 Finished: 836
summary =   3521 in 00:00:34 =  104.3/s Avg:  3635 Min:     7 Max: 23886 Err:     0 (0.00%)
summary +   3186 in 00:00:30 =  106.2/s Avg:  8669 Min:   593 Max: 53130 Err:    27 (0.85%) Active: 3395 Started: 5000 Finished: 1605
summary =   6707 in 00:01:04 =  105.2/s Avg:  6026 Min:     7 Max: 53130 Err:    27 (0.40%)
summary +   2615 in 00:00:30 =   87.2/s Avg: 18779 Min:   787 Max: 81351 Err:   162 (6.20%) Active: 2551 Started: 5000 Finished: 2449
summary =   9322 in 00:01:34 =   99.5/s Avg:  9603 Min:     7 Max: 81351 Err:   189 (2.03%)
summary +   2147 in 00:00:30 =   71.5/s Avg: 27413 Min:  1456 Max: 98784 Err:   218 (10.15%) Active: 1600 Started: 5000 Finished: 3400
summary =  11469 in 00:02:04 =   92.7/s Avg: 12937 Min:     7 Max: 98784 Err:   407 (3.55%)
summary +   1949 in 00:00:30 =   64.9/s Avg: 40779 Min:     5 Max: 143079 Err:   610 (31.30%) Active: 687 Started: 5000 Finished: 4313
summary =  13418 in 00:02:34 =   87.3/s Avg: 16981 Min:     5 Max: 143079 Err:  1017 (7.58%)
summary +   1391 in 00:00:30 =   45.8/s Avg: 53446 Min:     6 Max: 159284 Err:   572 (41.12%) Active: 101 Started: 5000 Finished: 4899
summary =  14809 in 00:03:04 =   80.4/s Avg: 20407 Min:     5 Max: 159284 Err:  1589 (10.73%)
summary +    140 in 00:02:00 =    1.2/s Avg: 64973 Min:     5 Max: 135890 Err:    71 (50.71%) Active: 37 Started: 5000 Finished: 4963
summary =  14949 in 00:05:04 =   49.1/s Avg: 20824 Min:     5 Max: 159284 Err:  1660 (11.10%)
summary +     51 in 00:00:10 =    5.0/s Avg: 89836 Min:    41 Max: 127231 Err:    36 (70.59%) Active: 0 Started: 5000 Finished: 5000
summary =  15000 in 00:05:14 =   47.7/s Avg: 21059 Min:     5 Max: 159284 Err:  1696 (11.31%)
Tidying up ...    @ Fri Sep 21 13:06:40 UTC 2018 (1537535200697)
... end of run
num users: 6000
Creating summariser <summary>
Created the tree successfully using bank-test.jmx
Starting the test @ Fri Sep 21 13:06:42 UTC 2018 (1537535202256)
Waiting for possible Shutdown/StopTestNow/Heapdump message on port 4445
summary +   1848 in 00:00:17 =  105.7/s Avg:  2429 Min:     9 Max: 14572 Err:     0 (0.00%) Active: 1259 Started: 1660 Finished: 401
summary +   3262 in 00:00:30 =  108.7/s Avg:  7172 Min:   409 Max: 41215 Err:    23 (0.71%) Active: 3439 Started: 4580 Finished: 1141
summary =   5110 in 00:00:47 =  107.6/s Avg:  5457 Min:     9 Max: 41215 Err:    23 (0.45%)
summary +   3251 in 00:00:30 =  108.3/s Avg: 12847 Min:   564 Max: 72377 Err:    98 (3.01%) Active: 4132 Started: 6000 Finished: 1868
summary =   8361 in 00:01:18 =  107.9/s Avg:  8330 Min:     9 Max: 72377 Err:   121 (1.45%)
summary +   2312 in 00:00:30 =   77.1/s Avg: 25599 Min:  1440 Max: 97610 Err:   204 (8.82%) Active: 3272 Started: 6000 Finished: 2728
summary =  10673 in 00:01:47 =   99.3/s Avg: 12071 Min:     9 Max: 97610 Err:   325 (3.05%)
summary +   2292 in 00:00:30 =   76.4/s Avg: 34884 Min:  1492 Max: 130947 Err:   446 (19.46%) Active: 2271 Started: 6000 Finished: 3729
summary =  12965 in 00:02:17 =   94.3/s Avg: 16104 Min:     9 Max: 130947 Err:   771 (5.95%)
summary +   3170 in 00:00:30 =  105.7/s Avg: 48655 Min:    53 Max: 159141 Err:  1737 (54.79%) Active: 850 Started: 6000 Finished: 5150
summary =  16135 in 00:02:47 =   96.3/s Avg: 22499 Min:     9 Max: 159141 Err:  2508 (15.54%)
summary +   1648 in 00:00:31 =   53.7/s Avg: 54730 Min:     6 Max: 183761 Err:   660 (40.05%) Active: 139 Started: 6000 Finished: 5861
summary =  17783 in 00:03:18 =   89.7/s Avg: 25486 Min:     6 Max: 183761 Err:  3168 (17.81%)
summary +    186 in 00:01:59 =    1.6/s Avg: 90570 Min:     6 Max: 192180 Err:   129 (69.35%) Active: 25 Started: 6000 Finished: 5975
summary =  17969 in 00:05:18 =   56.6/s Avg: 26160 Min:     6 Max: 192180 Err:  3297 (18.35%)
summary +     31 in 00:00:29 =    1.1/s Avg: 98519 Min:    44 Max: 127231 Err:    24 (77.42%) Active: 0 Started: 6000 Finished: 6000
summary =  18000 in 00:05:46 =   52.0/s Avg: 26285 Min:     6 Max: 192180 Err:  3321 (18.45%)
Tidying up ...    @ Fri Sep 21 13:12:28 UTC 2018 (1537535548649)
... end of run
num users: 7000
Creating summariser <summary>
Created the tree successfully using bank-test.jmx
Starting the test @ Fri Sep 21 13:12:30 UTC 2018 (1537535550258)
Waiting for possible Shutdown/StopTestNow/Heapdump message on port 4445
summary +      1 in 00:00:00 =    3.9/s Avg:    28 Min:    28 Max:    28 Err:     0 (0.00%) Active: 25 Started: 25 Finished: 0
summary +   3263 in 00:00:29 =  111.7/s Avg:  3773 Min:     8 Max: 24633 Err:     0 (0.00%) Active: 2626 Started: 3289 Finished: 663
summary =   3264 in 00:00:29 =  110.7/s Avg:  3772 Min:     8 Max: 24633 Err:     0 (0.00%)
summary +   3332 in 00:00:30 =  111.1/s Avg: 10199 Min:   488 Max: 50762 Err:    92 (2.76%) Active: 5270 Started: 6639 Finished: 1369
summary =   6596 in 00:00:59 =  110.9/s Avg:  7019 Min:     8 Max: 50762 Err:    92 (1.39%)
summary +   2922 in 00:00:30 =   97.4/s Avg: 19108 Min:   587 Max: 83233 Err:   199 (6.81%) Active: 4857 Started: 7000 Finished: 2143
summary =   9518 in 00:01:29 =  106.4/s Avg: 10730 Min:     8 Max: 83233 Err:   291 (3.06%)
summary +   2338 in 00:00:30 =   77.9/s Avg: 32229 Min:  1228 Max: 100642 Err:   268 (11.46%) Active: 4000 Started: 7000 Finished: 3000
summary =  11856 in 00:01:59 =   99.2/s Avg: 14970 Min:     8 Max: 100642 Err:   559 (4.71%)
summary +   3022 in 00:00:30 =  100.8/s Avg: 45585 Min:  1263 Max: 143289 Err:  1322 (43.75%) Active: 2758 Started: 7000 Finished: 4242
summary =  14878 in 00:02:29 =   99.5/s Avg: 21188 Min:     8 Max: 143289 Err:  1881 (12.64%)
summary +   3691 in 00:00:30 =  123.0/s Avg: 53833 Min:  1472 Max: 159325 Err:  2176 (58.95%) Active: 1284 Started: 7000 Finished: 5716
summary =  18569 in 00:02:59 =  103.5/s Avg: 27677 Min:     8 Max: 159325 Err:  4057 (21.85%)
summary +   1954 in 00:00:30 =   64.9/s Avg: 47394 Min:     6 Max: 192783 Err:  1024 (52.41%) Active: 296 Started: 7000 Finished: 6704
summary =  20523 in 00:03:30 =   97.9/s Avg: 29554 Min:     6 Max: 192783 Err:  5081 (24.76%)
summary +    230 in 00:00:31 =    7.5/s Avg: 79434 Min:     5 Max: 210261 Err:   122 (53.04%) Active: 161 Started: 7000 Finished: 6839
summary =  20753 in 00:04:00 =   86.4/s Avg: 30107 Min:     5 Max: 210261 Err:  5203 (25.07%)
summary +    223 in 00:01:32 =    2.4/s Avg: 97387 Min:     6 Max: 280232 Err:   144 (64.57%) Active: 16 Started: 7000 Finished: 6984
summary =  20976 in 00:05:32 =   63.1/s Avg: 30822 Min:     5 Max: 280232 Err:  5347 (25.49%)
summary +     22 in 00:00:32 =    0.7/s Avg: 98545 Min:    46 Max: 183293 Err:    15 (68.18%) Active: 2 Started: 7000 Finished: 6998
summary =  20998 in 00:06:04 =   57.6/s Avg: 30893 Min:     5 Max: 280232 Err:  5362 (25.54%)
summary +      2 in 00:00:06 =    0.4/s Avg: 91798 Min:    45 Max: 183552 Err:     1 (50.00%) Active: 0 Started: 7000 Finished: 7000
summary =  21000 in 00:06:10 =   56.7/s Avg: 30899 Min:     5 Max: 280232 Err:  5363 (25.54%)
Tidying up ...    @ Fri Sep 21 13:18:40 UTC 2018 (1537535920617)
... end of run
num users: 8000
Creating summariser <summary>
Created the tree successfully using bank-test.jmx
Starting the test @ Fri Sep 21 13:18:42 UTC 2018 (1537535922219)
Waiting for possible Shutdown/StopTestNow/Heapdump message on port 4445
summary +   1947 in 00:00:18 =  111.2/s Avg:  2671 Min:    10 Max: 11750 Err:     0 (0.00%) Active: 1837 Started: 2201 Finished: 364
summary +   3400 in 00:00:30 =  113.4/s Avg:  8205 Min:   546 Max: 39410 Err:    59 (1.74%) Active: 5004 Started: 6040 Finished: 1036
summary =   5347 in 00:00:48 =  112.6/s Avg:  6190 Min:    10 Max: 39410 Err:    59 (1.10%)
summary +   3319 in 00:00:30 =  110.6/s Avg: 14716 Min:   580 Max: 72374 Err:   148 (4.46%) Active: 6274 Started: 8000 Finished: 1726
summary =   8666 in 00:01:18 =  111.8/s Avg:  9455 Min:    10 Max: 72374 Err:   207 (2.39%)
summary +   2650 in 00:00:30 =   88.3/s Avg: 31688 Min:   877 Max: 98234 Err:   163 (6.15%) Active: 5509 Started: 8000 Finished: 2491
summary =  11316 in 00:01:48 =  105.3/s Avg: 14662 Min:    10 Max: 98234 Err:   370 (3.27%)
summary +   2456 in 00:00:30 =   81.9/s Avg: 40628 Min:  1422 Max: 131227 Err:   632 (25.73%) Active: 4557 Started: 8000 Finished: 3443
summary =  13772 in 00:02:18 =  100.2/s Avg: 19292 Min:    10 Max: 131227 Err:  1002 (7.28%)
summary +   3799 in 00:00:30 =  126.7/s Avg: 63658 Min:  1602 Max: 159890 Err:  2250 (59.23%) Active: 3239 Started: 8000 Finished: 4761
summary =  17571 in 00:02:48 =  104.9/s Avg: 28885 Min:    10 Max: 159890 Err:  3252 (18.51%)
summary +   3847 in 00:00:30 =  128.2/s Avg: 54035 Min:  1496 Max: 191334 Err:  2489 (64.70%) Active: 1623 Started: 8000 Finished: 6377
summary =  21418 in 00:03:18 =  108.4/s Avg: 33402 Min:    10 Max: 191334 Err:  5741 (26.80%)
summary +   2065 in 00:00:30 =   68.6/s Avg: 45239 Min:     6 Max: 192808 Err:   965 (46.73%) Active: 286 Started: 8000 Finished: 7714
summary =  23483 in 00:03:48 =  103.2/s Avg: 34443 Min:     6 Max: 192808 Err:  6706 (28.56%)
summary +    250 in 00:00:30 =    8.2/s Avg: 78888 Min:     5 Max: 196399 Err:   138 (55.20%) Active: 133 Started: 8000 Finished: 7867
summary =  23733 in 00:04:18 =   92.0/s Avg: 34911 Min:     5 Max: 196399 Err:  6844 (28.84%)
summary +    255 in 00:01:01 =    4.2/s Avg: 96198 Min:     6 Max: 269572 Err:   121 (47.45%) Active: 12 Started: 8000 Finished: 7988
summary =  23988 in 00:05:19 =   75.3/s Avg: 35563 Min:     5 Max: 269572 Err:  6965 (29.04%)
summary +      9 in 00:00:31 =    0.3/s Avg: 114052 Min:    54 Max: 135802 Err:     8 (88.89%) Active: 3 Started: 8000 Finished: 7997
summary =  23997 in 00:05:49 =   68.7/s Avg: 35592 Min:     5 Max: 269572 Err:  6973 (29.06%)
summary +      3 in 00:00:59 =    0.1/s Avg: 189394 Min: 127277 Max: 224407 Err:     3 (100.00%) Active: 1 Started: 8000 Finished: 7999
summary =  24000 in 00:06:48 =   58.8/s Avg: 35611 Min:     5 Max: 269572 Err:  6976 (29.07%)
summary =  24000 in 00:06:48 =   58.8/s Avg: 35611 Min:     5 Max: 269572 Err:  6976 (29.07%)
Tidying up ...    @ Fri Sep 21 13:25:30 UTC 2018 (1537536330734)
... end of run
num users: 9000
Creating summariser <summary>
Created the tree successfully using bank-test.jmx
Starting the test @ Fri Sep 21 13:25:32 UTC 2018 (1537536332816)
Waiting for possible Shutdown/StopTestNow/Heapdump message on port 4445
summary +      1 in 00:00:00 =    2.7/s Avg:   104 Min:   104 Max:   104 Err:     0 (0.00%) Active: 44 Started: 44 Finished: 0
summary +   2989 in 00:00:26 =  112.8/s Avg:  3711 Min:    11 Max: 23516 Err:     0 (0.00%) Active: 3191 Started: 3745 Finished: 554
summary =   2990 in 00:00:27 =  111.3/s Avg:  3710 Min:    11 Max: 23516 Err:     0 (0.00%)
summary +   3428 in 00:00:30 =  114.3/s Avg: 10042 Min:   504 Max: 48653 Err:   111 (3.24%) Active: 6680 Started: 7875 Finished: 1195
summary =   6418 in 00:00:57 =  112.9/s Avg:  7092 Min:    11 Max: 48653 Err:   111 (1.73%)
summary +   3231 in 00:00:30 =  107.7/s Avg: 18902 Min:   563 Max: 80207 Err:   186 (5.76%) Active: 7096 Started: 9000 Finished: 1904
summary =   9649 in 00:01:27 =  111.1/s Avg: 11047 Min:    11 Max: 80207 Err:   297 (3.08%)
summary +   2303 in 00:00:30 =   76.8/s Avg: 31771 Min:  1146 Max: 100195 Err:   138 (5.99%) Active: 6349 Started: 9000 Finished: 2651
summary =  11952 in 00:01:57 =  102.3/s Avg: 15040 Min:    11 Max: 100195 Err:   435 (3.64%)
summary +   3244 in 00:00:30 =  108.1/s Avg: 60614 Min:  1568 Max: 143470 Err:  1380 (42.54%) Active: 5344 Started: 9000 Finished: 3656
summary =  15196 in 00:02:27 =  103.5/s Avg: 24769 Min:    11 Max: 143470 Err:  1815 (11.94%)
summary +   4364 in 00:00:30 =  145.4/s Avg: 67239 Min:  1532 Max: 159255 Err:  2767 (63.41%) Active: 3978 Started: 9000 Finished: 5022
summary =  19560 in 00:02:57 =  110.6/s Avg: 34245 Min:    11 Max: 159255 Err:  4582 (23.43%)
summary +   4075 in 00:00:30 =  135.8/s Avg: 52931 Min:   819 Max: 191954 Err:  2760 (67.73%) Active: 2124 Started: 9000 Finished: 6876
summary =  23635 in 00:03:27 =  114.2/s Avg: 37466 Min:    11 Max: 191954 Err:  7342 (31.06%)
summary +   2089 in 00:00:30 =   69.0/s Avg: 48748 Min:     6 Max: 194851 Err:  1088 (52.08%) Active: 818 Started: 9000 Finished: 8182
summary =  25724 in 00:03:57 =  108.5/s Avg: 38383 Min:     6 Max: 194851 Err:  8430 (32.77%)
summary +    440 in 00:00:31 =   14.2/s Avg: 86443 Min:     6 Max: 216588 Err:   282 (64.09%) Active: 537 Started: 9000 Finished: 8463
summary =  26164 in 00:04:28 =   97.6/s Avg: 39191 Min:     6 Max: 216588 Err:  8712 (33.30%)
summary +    302 in 00:00:29 =   10.5/s Avg: 96290 Min:     6 Max: 273181 Err:   151 (50.00%) Active: 387 Started: 9000 Finished: 8613
summary =  26466 in 00:04:57 =   89.1/s Avg: 39842 Min:     6 Max: 273181 Err:  8863 (33.49%)
summary +    341 in 00:00:30 =   11.4/s Avg: 90865 Min:    45 Max: 147673 Err:   241 (70.67%) Active: 146 Started: 9000 Finished: 8854
summary =  26807 in 00:05:27 =   82.0/s Avg: 40491 Min:     6 Max: 273181 Err:  9104 (33.96%)
summary +     97 in 00:00:31 =    3.2/s Avg: 112338 Min:     7 Max: 281285 Err:    76 (78.35%) Active: 70 Started: 9000 Finished: 8930
summary =  26904 in 00:05:57 =   75.3/s Avg: 40751 Min:     6 Max: 281285 Err:  9180 (34.12%)
summary +     43 in 00:00:30 =    1.4/s Avg: 147989 Min:    47 Max: 207830 Err:    33 (76.74%) Active: 37 Started: 9000 Finished: 8963
summary =  26947 in 00:06:27 =   69.6/s Avg: 40922 Min:     6 Max: 281285 Err:  9213 (34.19%)
summary +     50 in 00:00:30 =    1.7/s Avg: 151627 Min:    48 Max: 228549 Err:    34 (68.00%) Active: 2 Started: 9000 Finished: 8998
summary =  26997 in 00:06:57 =   64.7/s Avg: 41127 Min:     6 Max: 281285 Err:  9247 (34.25%)
summary +      3 in 00:00:12 =    0.2/s Avg: 153590 Min:    47 Max: 236250 Err:     2 (66.67%) Active: 0 Started: 9000 Finished: 9000
summary =  27000 in 00:07:09 =   62.9/s Avg: 41139 Min:     6 Max: 281285 Err:  9249 (34.26%)
Tidying up ...    @ Fri Sep 21 13:32:42 UTC 2018 (1537536762565)
... end of run
num users: 10000
Creating summariser <summary>
Created the tree successfully using bank-test.jmx
Starting the test @ Fri Sep 21 13:32:44 UTC 2018 (1537536764382)
Waiting for possible Shutdown/StopTestNow/Heapdump message on port 4445
summary +   1638 in 00:00:16 =  103.5/s Avg:  2553 Min:    11 Max: 11440 Err:     0 (0.00%) Active: 2005 Started: 2287 Finished: 282
summary +   3489 in 00:00:29 =  118.4/s Avg:  7825 Min:   406 Max: 41230 Err:   100 (2.87%) Active: 6080 Started: 6976 Finished: 896
summary =   5127 in 00:00:45 =  113.2/s Avg:  6141 Min:    11 Max: 41230 Err:   100 (1.95%)
summary +   3499 in 00:00:30 =  116.5/s Avg: 16024 Min:   501 Max: 68810 Err:   174 (4.97%) Active: 8495 Started: 10000 Finished: 1505
summary =   8626 in 00:01:15 =  114.5/s Avg: 10150 Min:    11 Max: 68810 Err:   274 (3.18%)
summary +   2597 in 00:00:30 =   86.7/s Avg: 30636 Min:  1020 Max: 96893 Err:   213 (8.20%) Active: 7788 Started: 10000 Finished: 2212
summary =  11223 in 00:01:45 =  106.6/s Avg: 14890 Min:    11 Max: 96893 Err:   487 (4.34%)
summary +   2450 in 00:00:30 =   81.7/s Avg: 45181 Min:  1288 Max: 131171 Err:   431 (17.59%) Active: 6979 Started: 10000 Finished: 3021
summary =  13673 in 00:02:15 =  101.1/s Avg: 20318 Min:    11 Max: 131171 Err:   918 (6.71%)
summary +   4514 in 00:00:30 =  150.5/s Avg: 73817 Min:  1578 Max: 159193 Err:  2809 (62.23%) Active: 5764 Started: 10000 Finished: 4236
summary =  18187 in 00:02:45 =  110.0/s Avg: 33596 Min:    11 Max: 159193 Err:  3727 (20.49%)
summary +   4571 in 00:00:30 =  152.2/s Avg: 67079 Min:  1510 Max: 191450 Err:  3144 (68.78%) Active: 4272 Started: 10000 Finished: 5728
summary =  22758 in 00:03:15 =  116.5/s Avg: 40322 Min:    11 Max: 191450 Err:  6871 (30.19%)
summary +   3772 in 00:00:30 =  125.8/s Avg: 49999 Min:    11 Max: 212181 Err:  2664 (70.63%) Active: 2074 Started: 10000 Finished: 7926
summary =  26530 in 00:03:45 =  117.7/s Avg: 41697 Min:    11 Max: 212181 Err:  9535 (35.94%)
summary +   1158 in 00:00:30 =   38.5/s Avg: 66086 Min:     2 Max: 203649 Err:   760 (65.63%) Active: 1412 Started: 10000 Finished: 8588
summary =  27688 in 00:04:15 =  108.4/s Avg: 42717 Min:     2 Max: 212181 Err: 10295 (37.18%)
summary +   1231 in 00:00:31 =   40.2/s Avg: 82547 Min:     2 Max: 273465 Err:   710 (57.68%) Active: 785 Started: 10000 Finished: 9215
summary =  28919 in 00:04:46 =  101.1/s Avg: 44413 Min:     2 Max: 273465 Err: 11005 (38.05%)
summary +    460 in 00:00:29 =   15.7/s Avg: 85864 Min:    49 Max: 169974 Err:   300 (65.22%) Active: 485 Started: 10000 Finished: 9515
summary =  29379 in 00:05:15 =   93.2/s Avg: 45062 Min:     2 Max: 273465 Err: 11305 (38.48%)
summary +    442 in 00:00:30 =   14.7/s Avg: 105907 Min:    48 Max: 199945 Err:   343 (77.60%) Active: 142 Started: 10000 Finished: 9858
summary =  29821 in 00:05:45 =   86.4/s Avg: 45964 Min:     2 Max: 273465 Err: 11648 (39.06%)
summary +    110 in 00:00:32 =    3.5/s Avg: 123039 Min:    48 Max: 236275 Err:    91 (82.73%) Active: 51 Started: 10000 Finished: 9949
summary =  29931 in 00:06:17 =   79.4/s Avg: 46247 Min:     2 Max: 273465 Err: 11739 (39.22%)
summary +     14 in 00:00:30 =    0.5/s Avg: 171988 Min:    50 Max: 220427 Err:    12 (85.71%) Active: 39 Started: 10000 Finished: 9961
summary =  29945 in 00:06:47 =   73.6/s Avg: 46306 Min:     2 Max: 273465 Err: 11751 (39.24%)
summary +     55 in 00:00:16 =    3.4/s Avg: 154223 Min:    56 Max: 236430 Err:    38 (69.09%) Active: 0 Started: 10000 Finished: 10000
summary =  30000 in 00:07:03 =   70.9/s Avg: 46504 Min:     2 Max: 273465 Err: 11789 (39.30%)
Tidying up ...    @ Fri Sep 21 13:39:48 UTC 2018 (1537537188064)
... end of run

